app/build/intermediates/manifest_merge_blame_file/debug/manifest-merger-blame-debug-report.txt
1<?xml version="1.0" encoding="utf-8"?>
2<manifest xmlns:android="http://schemas.android.com/apk/res/android"
3    package="com.roman.yoursound"
4    android:versionCode="1"
5    android:versionName="1.0" >
6
7    <uses-sdk
8        android:minSdkVersion="16"
8-->src\main\AndroidManifest.xml
9        android:targetSdkVersion="29" />
9-->src\main\AndroidManifest.xml
10
11    <uses-permission android:name="android.permission.INTERNET" />
11-->src\main\AndroidManifest.xml:5:5-66
11-->src\main\AndroidManifest.xml:5:22-64
12    <uses-permission android:name="android.permission.WRITE_EXTERNAL_STORAGE" />
12-->src\main\AndroidManifest.xml:6:5-80
12-->src\main\AndroidManifest.xml:6:22-78
13
14    <application
14-->src\main\AndroidManifest.xml:8:5-41:19
15        android:allowBackup="true"
15-->src\main\AndroidManifest.xml:9:13-39
16        android:appComponentFactory="androidx.core.app.CoreComponentFactory"
16-->[androidx.core:core:1.1.0] AndroidManifest.xml:24:18-86
17        android:debuggable="true"
18        android:icon="@mipmap/ic_launcher"
18-->src\main\AndroidManifest.xml:10:13-47
19        android:roundIcon="@mipmap/ic_launcher_round"
19-->src\main\AndroidManifest.xml:11:13-58
20        android:supportsRtl="true"
20-->src\main\AndroidManifest.xml:12:13-39
21        android:testOnly="true"
22        android:theme="@style/AppTheme" >
22-->src\main\AndroidManifest.xml:13:13-44
23        <activity
23-->src\main\AndroidManifest.xml:14:9-17:20
24            android:name="com.roman.yoursound.ui.AddTrack.AddTrackActivity"
24-->src\main\AndroidManifest.xml:14:19-63
25            android:label="Add Track"
25-->src\main\AndroidManifest.xml:15:9-34
26            android:screenOrientation="portrait" >
26-->src\main\AndroidManifest.xml:16:9-45
27        </activity>
28        <activity
28-->src\main\AndroidManifest.xml:18:9-21:20
29            android:name="com.roman.yoursound.ui.EditProfile.EditProfileActivity"
29-->src\main\AndroidManifest.xml:18:19-69
30            android:label="Edit profile"
30-->src\main\AndroidManifest.xml:19:9-37
31            android:screenOrientation="portrait" >
31-->src\main\AndroidManifest.xml:20:9-45
32        </activity>
33        <activity
33-->src\main\AndroidManifest.xml:22:9-25:20
34            android:name="com.roman.yoursound.CommentsActivity"
34-->src\main\AndroidManifest.xml:22:19-51
35            android:label="Comments"
35-->src\main\AndroidManifest.xml:23:9-33
36            android:screenOrientation="portrait" >
36-->src\main\AndroidManifest.xml:24:9-45
37        </activity>
38        <activity
38-->src\main\AndroidManifest.xml:26:9-29:20
39            android:name="com.roman.yoursound.ui.register.RegisterFragment"
39-->src\main\AndroidManifest.xml:27:17-61
40            android:label="Sign Up" >
40-->src\main\AndroidManifest.xml:28:17-40
41        </activity>
42        <activity
42-->src\main\AndroidManifest.xml:30:9-40:20
43            android:name="com.roman.yoursound.MainActivity"
43-->src\main\AndroidManifest.xml:31:17-45
44            android:label="@string/app_name"
44-->src\main\AndroidManifest.xml:32:17-49
45            android:screenOrientation="portrait"
45-->src\main\AndroidManifest.xml:34:17-53
46            android:windowSoftInputMode="adjustPan" >
46-->src\main\AndroidManifest.xml:33:17-56
47            <intent-filter>
47-->src\main\AndroidManifest.xml:35:13-39:29
48                <action android:name="android.intent.action.MAIN" />
48-->src\main\AndroidManifest.xml:36:17-68
48-->src\main\AndroidManifest.xml:36:25-66
49
50                <category android:name="android.intent.category.LAUNCHER" />
50-->src\main\AndroidManifest.xml:38:17-76
50-->src\main\AndroidManifest.xml:38:27-74
51            </intent-filter>
52        </activity>
53
54        <provider
54-->[com.squareup.picasso:picasso:2.71828] AndroidManifest.xml:8:9-11:40
55            android:name="com.squareup.picasso.PicassoProvider"
55-->[com.squareup.picasso:picasso:2.71828] AndroidManifest.xml:9:13-64
56            android:authorities="com.roman.yoursound.com.squareup.picasso"
56-->[com.squareup.picasso:picasso:2.71828] AndroidManifest.xml:10:13-72
57            android:exported="false" />
57-->[com.squareup.picasso:picasso:2.71828] AndroidManifest.xml:11:13-37
58        <provider
58-->[androidx.lifecycle:lifecycle-process:2.2.0] AndroidManifest.xml:25:9-29:43
59            android:name="androidx.lifecycle.ProcessLifecycleOwnerInitializer"
59-->[androidx.lifecycle:lifecycle-process:2.2.0] AndroidManifest.xml:26:13-79
60            android:authorities="com.roman.yoursound.lifecycle-process"
60-->[androidx.lifecycle:lifecycle-process:2.2.0] AndroidManifest.xml:27:13-69
61            android:exported="false"
61-->[androidx.lifecycle:lifecycle-process:2.2.0] AndroidManifest.xml:28:13-37
62            android:multiprocess="true" />
62-->[androidx.lifecycle:lifecycle-process:2.2.0] AndroidManifest.xml:29:13-40
63    </application>
64
65</manifest>